<?xml version="1.0" encoding="UTF-8"?>
<!-- Generated by org.testng.reporters.JUnitXMLReporter -->
<testsuite ignored="1" hostname="LAPTOP-GOCGSJGJ" failures="0" tests="4" name="All Test Cases" time="0.36" errors="0" timestamp="2024-06-20T20:11:14 IST">
  <testcase classname="automationcore.Base" name="@BeforeMethod setup" time="-1.718894473769E9">
    <failure type="org.testng.TestNGException" message="
Parameter &amp;apos;baseurl&amp;apos; is required by BeforeMethod on method setup but has not been marked @Optional or defined
in C:\Users\Akhila Anakha\git\repository2\QALegend\grouping.xml">
      <![CDATA[org.testng.TestNGException: 
Parameter 'baseurl' is required by BeforeMethod on method setup but has not been marked @Optional or defined
in C:\Users\Akhila Anakha\git\repository2\QALegend\grouping.xml
at java.base/java.util.ArrayList.forEach(ArrayList.java:1511)
... Removed 28 stack frames]]>
    </failure>
  </testcase> <!-- @BeforeMethod setup -->
  <testcase classname="automationcore.Base" name="@AfterMethod closeBrowser" time="0.013">
    <failure type="java.lang.NullPointerException" message="Cannot invoke &amp;quot;org.openqa.selenium.WebDriver.close()&amp;quot; because &amp;quot;this.driver&amp;quot; is null">
      <![CDATA[java.lang.NullPointerException: Cannot invoke "org.openqa.selenium.WebDriver.close()" because "this.driver" is null
at automationcore.Base.closeBrowser(Base.java:80)
at java.base/java.util.ArrayList.forEach(ArrayList.java:1511)
... Removed 32 stack frames]]>
    </failure>
  </testcase> <!-- @AfterMethod closeBrowser -->
  <testcase classname="automationcore.Base" name="@BeforeMethod setup" time="-1.718894473876E9">
    <failure type="org.testng.TestNGException" message="
Parameter &amp;apos;baseurl&amp;apos; is required by BeforeMethod on method setup but has not been marked @Optional or defined
in C:\Users\Akhila Anakha\git\repository2\QALegend\grouping.xml">
      <![CDATA[org.testng.TestNGException: 
Parameter 'baseurl' is required by BeforeMethod on method setup but has not been marked @Optional or defined
in C:\Users\Akhila Anakha\git\repository2\QALegend\grouping.xml
at java.base/java.util.ArrayList.forEach(ArrayList.java:1511)
... Removed 28 stack frames]]>
    </failure>
  </testcase> <!-- @BeforeMethod setup -->
  <testcase classname="automationcore.Base" name="@AfterMethod closeBrowser" time="0.001">
    <failure type="java.lang.NullPointerException" message="Cannot invoke &amp;quot;org.openqa.selenium.WebDriver.close()&amp;quot; because &amp;quot;this.driver&amp;quot; is null">
      <![CDATA[java.lang.NullPointerException: Cannot invoke "org.openqa.selenium.WebDriver.close()" because "this.driver" is null
at automationcore.Base.closeBrowser(Base.java:80)
at java.base/java.util.ArrayList.forEach(ArrayList.java:1511)
... Removed 32 stack frames]]>
    </failure>
  </testcase> <!-- @AfterMethod closeBrowser -->
  <testcase classname="automationcore.Base" name="@BeforeMethod setup" time="-1.718894473914E9">
    <failure type="org.testng.TestNGException" message="
Parameter &amp;apos;baseurl&amp;apos; is required by BeforeMethod on method setup but has not been marked @Optional or defined
in C:\Users\Akhila Anakha\git\repository2\QALegend\grouping.xml">
      <![CDATA[org.testng.TestNGException: 
Parameter 'baseurl' is required by BeforeMethod on method setup but has not been marked @Optional or defined
in C:\Users\Akhila Anakha\git\repository2\QALegend\grouping.xml
at java.base/java.util.ArrayList.forEach(ArrayList.java:1511)
... Removed 28 stack frames]]>
    </failure>
  </testcase> <!-- @BeforeMethod setup -->
  <testcase classname="automationcore.Base" name="@AfterMethod closeBrowser" time="0.003">
    <failure type="java.lang.NullPointerException" message="Cannot invoke &amp;quot;org.openqa.selenium.WebDriver.close()&amp;quot; because &amp;quot;this.driver&amp;quot; is null">
      <![CDATA[java.lang.NullPointerException: Cannot invoke "org.openqa.selenium.WebDriver.close()" because "this.driver" is null
at automationcore.Base.closeBrowser(Base.java:80)
at java.base/java.util.ArrayList.forEach(ArrayList.java:1511)
... Removed 32 stack frames]]>
    </failure>
  </testcase> <!-- @AfterMethod closeBrowser -->
  <testcase classname="automationcore.Base" name="@BeforeMethod setup" time="-1.718894473957E9">
    <failure type="org.testng.TestNGException" message="
Parameter &amp;apos;baseurl&amp;apos; is required by BeforeMethod on method setup but has not been marked @Optional or defined
in C:\Users\Akhila Anakha\git\repository2\QALegend\grouping.xml">
      <![CDATA[org.testng.TestNGException: 
Parameter 'baseurl' is required by BeforeMethod on method setup but has not been marked @Optional or defined
in C:\Users\Akhila Anakha\git\repository2\QALegend\grouping.xml
at java.base/java.util.ArrayList.forEach(ArrayList.java:1511)
... Removed 28 stack frames]]>
    </failure>
  </testcase> <!-- @BeforeMethod setup -->
  <testcase classname="automationcore.Base" name="@AfterMethod closeBrowser" time="0.001">
    <failure type="java.lang.NullPointerException" message="Cannot invoke &amp;quot;org.openqa.selenium.WebDriver.close()&amp;quot; because &amp;quot;this.driver&amp;quot; is null">
      <![CDATA[java.lang.NullPointerException: Cannot invoke "org.openqa.selenium.WebDriver.close()" because "this.driver" is null
at automationcore.Base.closeBrowser(Base.java:80)
at java.base/java.util.ArrayList.forEach(ArrayList.java:1511)
... Removed 32 stack frames]]>
    </failure>
  </testcase> <!-- @AfterMethod closeBrowser -->
  <testcase classname="test.LoginPageTest" name="verifyLoginPageTitle" time="0.0">
    <skipped/>
  </testcase> <!-- verifyLoginPageTitle -->
  <testcase classname="test.LoginPageTest" name="verifyUserLoginWithValidCredentials" time="0.001">
    <skipped/>
  </testcase> <!-- verifyUserLoginWithValidCredentials -->
  <testcase classname="test.HomePageTest" name="getPageTitle" time="0.001">
    <skipped/>
  </testcase> <!-- getPageTitle -->
  <testcase classname="test.HomePageTest" name="verifyUserLoginDateMatchesSystemDate" time="0.001">
    <skipped/>
  </testcase> <!-- verifyUserLoginDateMatchesSystemDate -->
  <testcase classname="test.LoginPageTest" name="verifyUserLoginWithInvalidCredential" time="0.0">
    <ignored/>
  </testcase> <!-- verifyUserLoginWithInvalidCredential -->
</testsuite> <!-- All Test Cases -->
